2025-04-26 16:01:23,931 - __main__ - INFO - === 开始同步代码库 ===
2025-04-26 16:01:23,932 - __main__ - INFO - 步骤1: 加载配置...
2025-04-26 16:01:23,932 - root - INFO - 成功加载配置
2025-04-26 16:01:23,933 - __main__ - INFO - 
步骤2: 创建API客户端...
2025-04-26 16:01:23,933 - asyncio - DEBUG - Using proactor: IocpProactor
2025-04-26 16:01:23,934 - tzlocal - DEBUG - Looking up time zone info from registry
2025-04-26 16:01:23,938 - apscheduler.scheduler - INFO - Adding job tentatively -- it will be properly scheduled when the scheduler starts
2025-04-26 16:01:23,939 - apscheduler.scheduler - INFO - Added job "EcsRamRoleCredentialsProvider.__init__.<locals>.refresh_task" to job store "default"
2025-04-26 16:01:23,939 - apscheduler.scheduler - INFO - Scheduler started
2025-04-26 16:01:23,939 - apscheduler.scheduler - DEBUG - Looking for jobs to run
2025-04-26 16:01:23,940 - __main__ - INFO - 
步骤3: 获取代码库列表...
2025-04-26 16:01:23,940 - apscheduler.scheduler - DEBUG - Next wakeup is due at 2025-04-26 16:02:23.938451+08:00 (in 59.998256 seconds)
2025-04-26 16:01:23,940 - __main__ - INFO - 开始获取代码库列表...
2025-04-26 16:01:23,941 - alibabacloud_credentials.provider.refreshable - DEBUG - Refreshing synchronously
2025-04-26 16:01:26,036 - alibabacloud_credentials.provider.refreshable - WARNING - Refresh credentials failed, cached value is None, error: HTTPConnectionPool(host='100.100.100.200', port=80): Max retries exceeded with url: /latest/meta-data/ram/security-credentials/ (Caused by ConnectTimeoutError(<urllib3.connection.HTTPConnection object at 0x000001C6A169B250>, 'Connection to 100.100.100.200 timed out. (connect timeout=1.0)'))
2025-04-26 16:01:26,037 - alibabacloud_credentials.provider.refreshable - ERROR - HTTPConnectionPool(host='100.100.100.200', port=80): Max retries exceeded with url: /latest/meta-data/ram/security-credentials/ (Caused by ConnectTimeoutError(<urllib3.connection.HTTPConnection object at 0x000001C6A169B250>, 'Connection to 100.100.100.200 timed out. (connect timeout=1.0)'))
Traceback (most recent call last):
  File "C:\Users\C\AppData\Local\Programs\Python\Python313\Lib\site-packages\urllib3\connection.py", line 198, in _new_conn
    sock = connection.create_connection(
        (self._dns_host, self.port),
    ...<2 lines>...
        socket_options=self.socket_options,
    )
  File "C:\Users\C\AppData\Local\Programs\Python\Python313\Lib\site-packages\urllib3\util\connection.py", line 85, in create_connection
    raise err
  File "C:\Users\C\AppData\Local\Programs\Python\Python313\Lib\site-packages\urllib3\util\connection.py", line 73, in create_connection
    sock.connect(sa)
    ~~~~~~~~~~~~^^^^
TimeoutError: timed out

The above exception was the direct cause of the following exception:

Traceback (most recent call last):
  File "C:\Users\C\AppData\Local\Programs\Python\Python313\Lib\site-packages\urllib3\connectionpool.py", line 787, in urlopen
    response = self._make_request(
        conn,
    ...<10 lines>...
        **response_kw,
    )
  File "C:\Users\C\AppData\Local\Programs\Python\Python313\Lib\site-packages\urllib3\connectionpool.py", line 493, in _make_request
    conn.request(
    ~~~~~~~~~~~~^
        method,
        ^^^^^^^
    ...<6 lines>...
        enforce_content_length=enforce_content_length,
        ^^^^^^^^^^^^^^^^^^^^^^^^^^^^^^^^^^^^^^^^^^^^^^
    )
    ^
  File "C:\Users\C\AppData\Local\Programs\Python\Python313\Lib\site-packages\urllib3\connection.py", line 445, in request
    self.endheaders()
    ~~~~~~~~~~~~~~~^^
  File "C:\Users\C\AppData\Local\Programs\Python\Python313\Lib\http\client.py", line 1333, in endheaders
    self._send_output(message_body, encode_chunked=encode_chunked)
    ~~~~~~~~~~~~~~~~~^^^^^^^^^^^^^^^^^^^^^^^^^^^^^^^^^^^^^^^^^^^^^
  File "C:\Users\C\AppData\Local\Programs\Python\Python313\Lib\http\client.py", line 1093, in _send_output
    self.send(msg)
    ~~~~~~~~~^^^^^
  File "C:\Users\C\AppData\Local\Programs\Python\Python313\Lib\http\client.py", line 1037, in send
    self.connect()
    ~~~~~~~~~~~~^^
  File "C:\Users\C\AppData\Local\Programs\Python\Python313\Lib\site-packages\urllib3\connection.py", line 276, in connect
    self.sock = self._new_conn()
                ~~~~~~~~~~~~~~^^
  File "C:\Users\C\AppData\Local\Programs\Python\Python313\Lib\site-packages\urllib3\connection.py", line 207, in _new_conn
    raise ConnectTimeoutError(
    ...<2 lines>...
    ) from e
urllib3.exceptions.ConnectTimeoutError: (<urllib3.connection.HTTPConnection object at 0x000001C6A169B250>, 'Connection to 100.100.100.200 timed out. (connect timeout=1.0)')

The above exception was the direct cause of the following exception:

Traceback (most recent call last):
  File "C:\Users\C\AppData\Local\Programs\Python\Python313\Lib\site-packages\requests\adapters.py", line 667, in send
    resp = conn.urlopen(
        method=request.method,
    ...<9 lines>...
        chunked=chunked,
    )
  File "C:\Users\C\AppData\Local\Programs\Python\Python313\Lib\site-packages\urllib3\connectionpool.py", line 841, in urlopen
    retries = retries.increment(
        method, url, error=new_e, _pool=self, _stacktrace=sys.exc_info()[2]
    )
  File "C:\Users\C\AppData\Local\Programs\Python\Python313\Lib\site-packages\urllib3\util\retry.py", line 519, in increment
    raise MaxRetryError(_pool, url, reason) from reason  # type: ignore[arg-type]
    ^^^^^^^^^^^^^^^^^^^^^^^^^^^^^^^^^^^^^^^^^^^^^^^^^^^
urllib3.exceptions.MaxRetryError: HTTPConnectionPool(host='100.100.100.200', port=80): Max retries exceeded with url: /latest/meta-data/ram/security-credentials/ (Caused by ConnectTimeoutError(<urllib3.connection.HTTPConnection object at 0x000001C6A169B250>, 'Connection to 100.100.100.200 timed out. (connect timeout=1.0)'))

During handling of the above exception, another exception occurred:

Traceback (most recent call last):
  File "C:\Users\C\AppData\Local\Programs\Python\Python313\Lib\site-packages\Tea\core.py", line 281, in do_action
    resp = session.send(
        p,
    ...<3 lines>...
        cert=cert,
    )
  File "C:\Users\C\AppData\Local\Programs\Python\Python313\Lib\site-packages\requests\sessions.py", line 703, in send
    r = adapter.send(request, **kwargs)
  File "C:\Users\C\AppData\Local\Programs\Python\Python313\Lib\site-packages\requests\adapters.py", line 688, in send
    raise ConnectTimeout(e, request=request)
requests.exceptions.ConnectTimeout: HTTPConnectionPool(host='100.100.100.200', port=80): Max retries exceeded with url: /latest/meta-data/ram/security-credentials/ (Caused by ConnectTimeoutError(<urllib3.connection.HTTPConnection object at 0x000001C6A169B250>, 'Connection to 100.100.100.200 timed out. (connect timeout=1.0)'))

During handling of the above exception, another exception occurred:

Traceback (most recent call last):
  File "C:\Users\C\AppData\Local\Programs\Python\Python313\Lib\site-packages\alibabacloud_credentials\provider\refreshable.py", line 208, in _refresh_cache
    self._cached_value = self._handle_fetched_success(self._refresh_callable())
                                                      ~~~~~~~~~~~~~~~~~~~~~~^^
  File "C:\Users\C\AppData\Local\Programs\Python\Python313\Lib\site-packages\alibabacloud_credentials\provider\ecs_ram_role.py", line 156, in _refresh_credentials
    role_name = self._get_role_name(url)
  File "C:\Users\C\AppData\Local\Programs\Python\Python313\Lib\site-packages\alibabacloud_credentials\provider\ecs_ram_role.py", line 97, in _get_role_name
    response = TeaCore.do_action(tea_request, self._runtime_options)
  File "C:\Users\C\AppData\Local\Programs\Python\Python313\Lib\site-packages\Tea\core.py", line 289, in do_action
    raise RetryError(str(e))
Tea.exceptions.RetryError: HTTPConnectionPool(host='100.100.100.200', port=80): Max retries exceeded with url: /latest/meta-data/ram/security-credentials/ (Caused by ConnectTimeoutError(<urllib3.connection.HTTPConnection object at 0x000001C6A169B250>, 'Connection to 100.100.100.200 timed out. (connect timeout=1.0)'))
2025-04-26 16:01:26,052 - __main__ - ERROR - 获取代码库列表时发生错误: unable to load credentials from any of the providers in the chain: ['EnvironmentVariableCredentialsProvider: Environment variable accessKeyId cannot be empty', 'CLIProfileCredentialsProvider: unable to open credentials file: \\Users\\C\\.aliyun/config.json', 'ProfileCredentialsProvider: failed to get credential from credentials file: $\\Users\\C\\.alibabacloud/credentials.ini', "EcsRamRoleCredentialsProvider: HTTPConnectionPool(host='100.100.100.200', port=80): Max retries exceeded with url: /latest/meta-data/ram/security-credentials/ (Caused by ConnectTimeoutError(<urllib3.connection.HTTPConnection object at 0x000001C6A169B250>, 'Connection to 100.100.100.200 timed out. (connect timeout=1.0)'))"]
2025-04-26 16:01:26,061 - __main__ - ERROR - 错误详情: Traceback (most recent call last):
  File "e:\部署文档\deployment\gitlab\sync_repositories.py", line 120, in get_repositories
    response = client.list_repositories_with_options(list_repositories_request, headers, runtime)
  File "C:\Users\C\AppData\Local\Programs\Python\Python313\Lib\site-packages\alibabacloud_devops20210625\client.py", line 21130, in list_repositories_with_options
    self.call_api(params, req, runtime)
    ~~~~~~~~~~~~~^^^^^^^^^^^^^^^^^^^^^^
  File "C:\Users\C\AppData\Local\Programs\Python\Python313\Lib\site-packages\alibabacloud_tea_openapi\client.py", line 2060, in call_api
    return self.do_request(params, request, runtime)
           ~~~~~~~~~~~~~~~^^^^^^^^^^^^^^^^^^^^^^^^^^
  File "C:\Users\C\AppData\Local\Programs\Python\Python313\Lib\site-packages\alibabacloud_tea_openapi\client.py", line 1530, in do_request
    raise e
  File "C:\Users\C\AppData\Local\Programs\Python\Python313\Lib\site-packages\alibabacloud_tea_openapi\client.py", line 1442, in do_request
    credential_model = self._credential.get_credential()
  File "C:\Users\C\AppData\Local\Programs\Python\Python313\Lib\site-packages\alibabacloud_credentials\client.py", line 107, in get_credential
    return self.cloud_credential.get_credential()
           ~~~~~~~~~~~~~~~~~~~~~~~~~~~~~~~~~~~~^^
  File "C:\Users\C\AppData\Local\Programs\Python\Python313\Lib\site-packages\alibabacloud_credentials\client.py", line 65, in get_credential
    credential = self.provider.get_credentials()
  File "C:\Users\C\AppData\Local\Programs\Python\Python313\Lib\site-packages\alibabacloud_credentials\provider\default.py", line 57, in get_credentials
    raise CredentialException(
        f'unable to load credentials from any of the providers in the chain: {error_messages}')
alibabacloud_credentials.exceptions.CredentialException: unable to load credentials from any of the providers in the chain: ['EnvironmentVariableCredentialsProvider: Environment variable accessKeyId cannot be empty', 'CLIProfileCredentialsProvider: unable to open credentials file: \\Users\\C\\.aliyun/config.json', 'ProfileCredentialsProvider: failed to get credential from credentials file: $\\Users\\C\\.alibabacloud/credentials.ini', "EcsRamRoleCredentialsProvider: HTTPConnectionPool(host='100.100.100.200', port=80): Max retries exceeded with url: /latest/meta-data/ram/security-credentials/ (Caused by ConnectTimeoutError(<urllib3.connection.HTTPConnection object at 0x000001C6A169B250>, 'Connection to 100.100.100.200 timed out. (connect timeout=1.0)'))"]

2025-04-26 16:01:26,063 - __main__ - ERROR - 获取代码库列表失败，程序退出
2025-04-26 16:01:26,063 - alibabacloud_credentials.provider.refreshable - DEBUG - Shutting down executor...
2025-04-26 16:02:13,933 - __main__ - INFO - === 开始同步代码库 ===
2025-04-26 16:02:13,934 - __main__ - INFO - 步骤1: 加载配置...
2025-04-26 16:02:13,934 - root - INFO - 成功加载配置
2025-04-26 16:02:13,934 - __main__ - INFO - 
步骤2: 创建API客户端...
2025-04-26 16:02:13,935 - asyncio - DEBUG - Using proactor: IocpProactor
2025-04-26 16:02:13,936 - tzlocal - DEBUG - Looking up time zone info from registry
2025-04-26 16:02:13,938 - apscheduler.scheduler - INFO - Adding job tentatively -- it will be properly scheduled when the scheduler starts
2025-04-26 16:02:13,946 - apscheduler.scheduler - INFO - Added job "EcsRamRoleCredentialsProvider.__init__.<locals>.refresh_task" to job store "default"
2025-04-26 16:02:13,948 - apscheduler.scheduler - INFO - Scheduler started
2025-04-26 16:02:13,952 - apscheduler.scheduler - DEBUG - Looking for jobs to run
2025-04-26 16:02:13,952 - __main__ - INFO - 
步骤3: 获取代码库列表...
2025-04-26 16:02:13,952 - apscheduler.scheduler - DEBUG - Next wakeup is due at 2025-04-26 16:03:13.938734+08:00 (in 59.986053 seconds)
2025-04-26 16:02:13,953 - __main__ - INFO - 开始获取代码库列表...
2025-04-26 16:02:13,954 - alibabacloud_credentials.provider.refreshable - DEBUG - Refreshing synchronously
2025-04-26 16:02:16,073 - alibabacloud_credentials.provider.refreshable - WARNING - Refresh credentials failed, cached value is None, error: HTTPConnectionPool(host='100.100.100.200', port=80): Max retries exceeded with url: /latest/meta-data/ram/security-credentials/ (Caused by ConnectTimeoutError(<urllib3.connection.HTTPConnection object at 0x00000208FCDFB250>, 'Connection to 100.100.100.200 timed out. (connect timeout=1.0)'))
2025-04-26 16:02:16,073 - alibabacloud_credentials.provider.refreshable - ERROR - HTTPConnectionPool(host='100.100.100.200', port=80): Max retries exceeded with url: /latest/meta-data/ram/security-credentials/ (Caused by ConnectTimeoutError(<urllib3.connection.HTTPConnection object at 0x00000208FCDFB250>, 'Connection to 100.100.100.200 timed out. (connect timeout=1.0)'))
Traceback (most recent call last):
  File "C:\Users\C\AppData\Local\Programs\Python\Python313\Lib\site-packages\urllib3\connection.py", line 198, in _new_conn
    sock = connection.create_connection(
        (self._dns_host, self.port),
    ...<2 lines>...
        socket_options=self.socket_options,
    )
  File "C:\Users\C\AppData\Local\Programs\Python\Python313\Lib\site-packages\urllib3\util\connection.py", line 85, in create_connection
    raise err
  File "C:\Users\C\AppData\Local\Programs\Python\Python313\Lib\site-packages\urllib3\util\connection.py", line 73, in create_connection
    sock.connect(sa)
    ~~~~~~~~~~~~^^^^
TimeoutError: timed out

The above exception was the direct cause of the following exception:

Traceback (most recent call last):
  File "C:\Users\C\AppData\Local\Programs\Python\Python313\Lib\site-packages\urllib3\connectionpool.py", line 787, in urlopen
    response = self._make_request(
        conn,
    ...<10 lines>...
        **response_kw,
    )
  File "C:\Users\C\AppData\Local\Programs\Python\Python313\Lib\site-packages\urllib3\connectionpool.py", line 493, in _make_request
    conn.request(
    ~~~~~~~~~~~~^
        method,
        ^^^^^^^
    ...<6 lines>...
        enforce_content_length=enforce_content_length,
        ^^^^^^^^^^^^^^^^^^^^^^^^^^^^^^^^^^^^^^^^^^^^^^
    )
    ^
  File "C:\Users\C\AppData\Local\Programs\Python\Python313\Lib\site-packages\urllib3\connection.py", line 445, in request
    self.endheaders()
    ~~~~~~~~~~~~~~~^^
  File "C:\Users\C\AppData\Local\Programs\Python\Python313\Lib\http\client.py", line 1333, in endheaders
    self._send_output(message_body, encode_chunked=encode_chunked)
    ~~~~~~~~~~~~~~~~~^^^^^^^^^^^^^^^^^^^^^^^^^^^^^^^^^^^^^^^^^^^^^
  File "C:\Users\C\AppData\Local\Programs\Python\Python313\Lib\http\client.py", line 1093, in _send_output
    self.send(msg)
    ~~~~~~~~~^^^^^
  File "C:\Users\C\AppData\Local\Programs\Python\Python313\Lib\http\client.py", line 1037, in send
    self.connect()
    ~~~~~~~~~~~~^^
  File "C:\Users\C\AppData\Local\Programs\Python\Python313\Lib\site-packages\urllib3\connection.py", line 276, in connect
    self.sock = self._new_conn()
                ~~~~~~~~~~~~~~^^
  File "C:\Users\C\AppData\Local\Programs\Python\Python313\Lib\site-packages\urllib3\connection.py", line 207, in _new_conn
    raise ConnectTimeoutError(
    ...<2 lines>...
    ) from e
urllib3.exceptions.ConnectTimeoutError: (<urllib3.connection.HTTPConnection object at 0x00000208FCDFB250>, 'Connection to 100.100.100.200 timed out. (connect timeout=1.0)')

The above exception was the direct cause of the following exception:

Traceback (most recent call last):
  File "C:\Users\C\AppData\Local\Programs\Python\Python313\Lib\site-packages\requests\adapters.py", line 667, in send
    resp = conn.urlopen(
        method=request.method,
    ...<9 lines>...
        chunked=chunked,
    )
  File "C:\Users\C\AppData\Local\Programs\Python\Python313\Lib\site-packages\urllib3\connectionpool.py", line 841, in urlopen
    retries = retries.increment(
        method, url, error=new_e, _pool=self, _stacktrace=sys.exc_info()[2]
    )
  File "C:\Users\C\AppData\Local\Programs\Python\Python313\Lib\site-packages\urllib3\util\retry.py", line 519, in increment
    raise MaxRetryError(_pool, url, reason) from reason  # type: ignore[arg-type]
    ^^^^^^^^^^^^^^^^^^^^^^^^^^^^^^^^^^^^^^^^^^^^^^^^^^^
urllib3.exceptions.MaxRetryError: HTTPConnectionPool(host='100.100.100.200', port=80): Max retries exceeded with url: /latest/meta-data/ram/security-credentials/ (Caused by ConnectTimeoutError(<urllib3.connection.HTTPConnection object at 0x00000208FCDFB250>, 'Connection to 100.100.100.200 timed out. (connect timeout=1.0)'))

During handling of the above exception, another exception occurred:

Traceback (most recent call last):
  File "C:\Users\C\AppData\Local\Programs\Python\Python313\Lib\site-packages\Tea\core.py", line 281, in do_action
    resp = session.send(
        p,
    ...<3 lines>...
        cert=cert,
    )
  File "C:\Users\C\AppData\Local\Programs\Python\Python313\Lib\site-packages\requests\sessions.py", line 703, in send
    r = adapter.send(request, **kwargs)
  File "C:\Users\C\AppData\Local\Programs\Python\Python313\Lib\site-packages\requests\adapters.py", line 688, in send
    raise ConnectTimeout(e, request=request)
requests.exceptions.ConnectTimeout: HTTPConnectionPool(host='100.100.100.200', port=80): Max retries exceeded with url: /latest/meta-data/ram/security-credentials/ (Caused by ConnectTimeoutError(<urllib3.connection.HTTPConnection object at 0x00000208FCDFB250>, 'Connection to 100.100.100.200 timed out. (connect timeout=1.0)'))

During handling of the above exception, another exception occurred:

Traceback (most recent call last):
  File "C:\Users\C\AppData\Local\Programs\Python\Python313\Lib\site-packages\alibabacloud_credentials\provider\refreshable.py", line 208, in _refresh_cache
    self._cached_value = self._handle_fetched_success(self._refresh_callable())
                                                      ~~~~~~~~~~~~~~~~~~~~~~^^
  File "C:\Users\C\AppData\Local\Programs\Python\Python313\Lib\site-packages\alibabacloud_credentials\provider\ecs_ram_role.py", line 156, in _refresh_credentials
    role_name = self._get_role_name(url)
  File "C:\Users\C\AppData\Local\Programs\Python\Python313\Lib\site-packages\alibabacloud_credentials\provider\ecs_ram_role.py", line 97, in _get_role_name
    response = TeaCore.do_action(tea_request, self._runtime_options)
  File "C:\Users\C\AppData\Local\Programs\Python\Python313\Lib\site-packages\Tea\core.py", line 289, in do_action
    raise RetryError(str(e))
Tea.exceptions.RetryError: HTTPConnectionPool(host='100.100.100.200', port=80): Max retries exceeded with url: /latest/meta-data/ram/security-credentials/ (Caused by ConnectTimeoutError(<urllib3.connection.HTTPConnection object at 0x00000208FCDFB250>, 'Connection to 100.100.100.200 timed out. (connect timeout=1.0)'))
2025-04-26 16:02:16,088 - __main__ - ERROR - 获取代码库列表时发生错误: unable to load credentials from any of the providers in the chain: ['EnvironmentVariableCredentialsProvider: Environment variable accessKeyId cannot be empty', 'CLIProfileCredentialsProvider: unable to open credentials file: \\Users\\C\\.aliyun/config.json', 'ProfileCredentialsProvider: failed to get credential from credentials file: $\\Users\\C\\.alibabacloud/credentials.ini', "EcsRamRoleCredentialsProvider: HTTPConnectionPool(host='100.100.100.200', port=80): Max retries exceeded with url: /latest/meta-data/ram/security-credentials/ (Caused by ConnectTimeoutError(<urllib3.connection.HTTPConnection object at 0x00000208FCDFB250>, 'Connection to 100.100.100.200 timed out. (connect timeout=1.0)'))"]
2025-04-26 16:02:16,097 - __main__ - ERROR - 错误详情: Traceback (most recent call last):
  File "E:\部署文档\deployment\gitlab\sync_repositories.py", line 120, in get_repositories
    response = client.list_repositories_with_options(list_repositories_request, headers, runtime)
  File "C:\Users\C\AppData\Local\Programs\Python\Python313\Lib\site-packages\alibabacloud_devops20210625\client.py", line 21130, in list_repositories_with_options
    self.call_api(params, req, runtime)
    ~~~~~~~~~~~~~^^^^^^^^^^^^^^^^^^^^^^
  File "C:\Users\C\AppData\Local\Programs\Python\Python313\Lib\site-packages\alibabacloud_tea_openapi\client.py", line 2060, in call_api
    return self.do_request(params, request, runtime)
           ~~~~~~~~~~~~~~~^^^^^^^^^^^^^^^^^^^^^^^^^^
  File "C:\Users\C\AppData\Local\Programs\Python\Python313\Lib\site-packages\alibabacloud_tea_openapi\client.py", line 1530, in do_request
    raise e
  File "C:\Users\C\AppData\Local\Programs\Python\Python313\Lib\site-packages\alibabacloud_tea_openapi\client.py", line 1442, in do_request
    credential_model = self._credential.get_credential()
  File "C:\Users\C\AppData\Local\Programs\Python\Python313\Lib\site-packages\alibabacloud_credentials\client.py", line 107, in get_credential
    return self.cloud_credential.get_credential()
           ~~~~~~~~~~~~~~~~~~~~~~~~~~~~~~~~~~~~^^
  File "C:\Users\C\AppData\Local\Programs\Python\Python313\Lib\site-packages\alibabacloud_credentials\client.py", line 65, in get_credential
    credential = self.provider.get_credentials()
  File "C:\Users\C\AppData\Local\Programs\Python\Python313\Lib\site-packages\alibabacloud_credentials\provider\default.py", line 57, in get_credentials
    raise CredentialException(
        f'unable to load credentials from any of the providers in the chain: {error_messages}')
alibabacloud_credentials.exceptions.CredentialException: unable to load credentials from any of the providers in the chain: ['EnvironmentVariableCredentialsProvider: Environment variable accessKeyId cannot be empty', 'CLIProfileCredentialsProvider: unable to open credentials file: \\Users\\C\\.aliyun/config.json', 'ProfileCredentialsProvider: failed to get credential from credentials file: $\\Users\\C\\.alibabacloud/credentials.ini', "EcsRamRoleCredentialsProvider: HTTPConnectionPool(host='100.100.100.200', port=80): Max retries exceeded with url: /latest/meta-data/ram/security-credentials/ (Caused by ConnectTimeoutError(<urllib3.connection.HTTPConnection object at 0x00000208FCDFB250>, 'Connection to 100.100.100.200 timed out. (connect timeout=1.0)'))"]

2025-04-26 16:02:16,100 - __main__ - ERROR - 获取代码库列表失败，程序退出
2025-04-26 16:02:16,101 - alibabacloud_credentials.provider.refreshable - DEBUG - Shutting down executor...
